<?xml version="1.0" encoding="UTF-8"?>
<coverage generated="1572549744823" clover="3.2.0">
  <project timestamp="1572549744823" name="All files">
    <metrics statements="17" coveredstatements="17" conditionals="15" coveredconditionals="13" methods="4" coveredmethods="4" elements="36" coveredelements="34" complexity="0" loc="17" ncloc="17" packages="1" files="1" classes="1"/>
    <file name="index.js" path="/Users/daren.liu/Documents/log-sanitizer/sanitizer/index.js">
      <metrics statements="17" coveredstatements="17" conditionals="15" coveredconditionals="13" methods="4" coveredmethods="4"/>
      <line num="1" count="1" type="stmt"/>
      <line num="5" count="2" type="stmt"/>
      <line num="6" count="2" type="stmt"/>
      <line num="7" count="2" type="stmt"/>
      <line num="11" count="6" type="cond" truecount="4" falsecount="0"/>
      <line num="12" count="2" type="stmt"/>
      <line num="14" count="4" type="stmt"/>
      <line num="18" count="6" type="stmt"/>
      <line num="19" count="6" type="cond" truecount="1" falsecount="1"/>
      <line num="20" count="6" type="stmt"/>
      <line num="21" count="8" type="cond" truecount="2" falsecount="0"/>
      <line num="22" count="2" type="stmt"/>
      <line num="24" count="6" type="cond" truecount="2" falsecount="0"/>
      <line num="25" count="6" type="cond" truecount="4" falsecount="0"/>
      <line num="26" count="1" type="stmt"/>
      <line num="31" count="6" type="stmt"/>
      <line num="38" count="1" type="stmt"/>
    </file>
  </project>
</coverage>
