{"/Users/daren.liu/Documents/log-sanitizer/sanitizer/index.js": {"path":"/Users/daren.liu/Documents/log-sanitizer/sanitizer/index.js","statementMap":{"0":{"start":{"line":1,"column":18},"end":{"line":1,"column":45}},"1":{"start":{"line":5,"column":4},"end":{"line":5,"column":25}},"2":{"start":{"line":6,"column":4},"end":{"line":6,"column":68}},"3":{"start":{"line":7,"column":4},"end":{"line":7,"column":66}},"4":{"start":{"line":11,"column":4},"end":{"line":13,"column":5}},"5":{"start":{"line":12,"column":6},"end":{"line":12,"column":17}},"6":{"start":{"line":14,"column":4},"end":{"line":14,"column":37}},"7":{"start":{"line":18,"column":4},"end":{"line":34,"column":5}},"8":{"start":{"line":19,"column":6},"end":{"line":30,"column":7}},"9":{"start":{"line":20,"column":8},"end":{"line":29,"column":11}},"10":{"start":{"line":21,"column":10},"end":{"line":28,"column":11}},"11":{"start":{"line":22,"column":12},"end":{"line":22,"column":32}},"12":{"start":{"line":24,"column":12},"end":{"line":24,"column":69}},"13":{"start":{"line":25,"column":12},"end":{"line":27,"column":13}},"14":{"start":{"line":26,"column":14},"end":{"line":26,"column":84}},"15":{"start":{"line":31,"column":6},"end":{"line":31,"column":17}},"16":{"start":{"line":38,"column":0},"end":{"line":38,"column":27}}},"fnMap":{"0":{"name":"(anonymous_0)","decl":{"start":{"line":4,"column":2},"end":{"line":4,"column":3}},"loc":{"start":{"line":4,"column":27},"end":{"line":8,"column":3}},"line":4},"1":{"name":"(anonymous_1)","decl":{"start":{"line":10,"column":2},"end":{"line":10,"column":3}},"loc":{"start":{"line":10,"column":16},"end":{"line":15,"column":3}},"line":10},"2":{"name":"(anonymous_2)","decl":{"start":{"line":17,"column":2},"end":{"line":17,"column":3}},"loc":{"start":{"line":17,"column":12},"end":{"line":35,"column":3}},"line":17},"3":{"name":"(anonymous_3)","decl":{"start":{"line":20,"column":33},"end":{"line":20,"column":34}},"loc":{"start":{"line":20,"column":40},"end":{"line":29,"column":9}},"line":20}},"branchMap":{"0":{"loc":{"start":{"line":4,"column":14},"end":{"line":4,"column":25}},"type":"default-arg","locations":[{"start":{"line":4,"column":23},"end":{"line":4,"column":25}}],"line":4},"1":{"loc":{"start":{"line":11,"column":4},"end":{"line":13,"column":5}},"type":"if","locations":[{"start":{"line":11,"column":4},"end":{"line":13,"column":5}},{"start":{"line":11,"column":4},"end":{"line":13,"column":5}}],"line":11},"2":{"loc":{"start":{"line":11,"column":8},"end":{"line":11,"column":65}},"type":"binary-expr","locations":[{"start":{"line":11,"column":8},"end":{"line":11,"column":32}},{"start":{"line":11,"column":36},"end":{"line":11,"column":65}}],"line":11},"3":{"loc":{"start":{"line":19,"column":6},"end":{"line":30,"column":7}},"type":"if","locations":[{"start":{"line":19,"column":6},"end":{"line":30,"column":7}},{"start":{"line":19,"column":6},"end":{"line":30,"column":7}}],"line":19},"4":{"loc":{"start":{"line":21,"column":10},"end":{"line":28,"column":11}},"type":"if","locations":[{"start":{"line":21,"column":10},"end":{"line":28,"column":11}},{"start":{"line":21,"column":10},"end":{"line":28,"column":11}}],"line":21},"5":{"loc":{"start":{"line":24,"column":23},"end":{"line":24,"column":68}},"type":"cond-expr","locations":[{"start":{"line":24,"column":54},"end":{"line":24,"column":57}},{"start":{"line":24,"column":60},"end":{"line":24,"column":68}}],"line":24},"6":{"loc":{"start":{"line":25,"column":12},"end":{"line":27,"column":13}},"type":"if","locations":[{"start":{"line":25,"column":12},"end":{"line":27,"column":13}},{"start":{"line":25,"column":12},"end":{"line":27,"column":13}}],"line":25},"7":{"loc":{"start":{"line":25,"column":16},"end":{"line":25,"column":62}},"type":"binary-expr","locations":[{"start":{"line":25,"column":16},"end":{"line":25,"column":29}},{"start":{"line":25,"column":33},"end":{"line":25,"column":62}}],"line":25}},"s":{"0":1,"1":2,"2":2,"3":2,"4":6,"5":2,"6":4,"7":6,"8":6,"9":6,"10":8,"11":2,"12":6,"13":6,"14":1,"15":6,"16":1},"f":{"0":2,"1":6,"2":6,"3":8},"b":{"0":[0],"1":[2,4],"2":[6,5],"3":[6,0],"4":[2,6],"5":[5,1],"6":[1,5],"7":[6,1]},"_coverageSchema":"43e27e138ebf9cfc5966b082cf9a028302ed4184","hash":"e20384ed4481679213c18e4b57069c50535f44eb"}
}
