TN:
SF:/Users/daren.liu/Documents/log-sanitizer/sanitizer/index.js
FN:4,(anonymous_0)
FN:10,(anonymous_1)
FN:17,(anonymous_2)
FN:20,(anonymous_3)
FNF:4
FNH:4
FNDA:2,(anonymous_0)
FNDA:6,(anonymous_1)
FNDA:6,(anonymous_2)
FNDA:8,(anonymous_3)
DA:1,1
DA:5,2
DA:6,2
DA:7,2
DA:11,6
DA:12,2
DA:14,4
DA:18,6
DA:19,6
DA:20,6
DA:21,8
DA:22,2
DA:24,6
DA:25,6
DA:26,1
DA:31,6
DA:38,1
LF:17
LH:17
BRDA:4,0,0,0
BRDA:11,1,0,2
BRDA:11,1,1,4
BRDA:11,2,0,6
BRDA:11,2,1,5
BRDA:19,3,0,6
BRDA:19,3,1,0
BRDA:21,4,0,2
BRDA:21,4,1,6
BRDA:24,5,0,5
BRDA:24,5,1,1
BRDA:25,6,0,1
BRDA:25,6,1,5
BRDA:25,7,0,6
BRDA:25,7,1,1
BRF:15
BRH:13
end_of_record
